WARNING: A restricted method in java.lang.System has been called
WARNING: java.lang.System::load has been called by org.fusesource.jansi.internal.JansiLoader in an unnamed module (file:/C:/Users/bwend/.m2/wrapper/dists/apache-maven-3.9.9-bin/33b4b2b4/apache-maven-3.9.9/lib/jansi-2.4.1.jar)
WARNING: Use --enable-native-access=ALL-UNNAMED to avoid a warning for callers in this module
WARNING: Restricted methods will be blocked in a future release unless native access is enabled

WARNING: A terminally deprecated method in sun.misc.Unsafe has been called
WARNING: sun.misc.Unsafe::objectFieldOffset has been called by com.google.common.util.concurrent.AbstractFuture$UnsafeAtomicHelper (file:/C:/Users/bwend/.m2/wrapper/dists/apache-maven-3.9.9-bin/33b4b2b4/apache-maven-3.9.9/lib/guava-33.2.1-jre.jar)
WARNING: Please consider reporting this to the maintainers of class com.google.common.util.concurrent.AbstractFuture$UnsafeAtomicHelper
WARNING: sun.misc.Unsafe::objectFieldOffset will be removed in a future release
[INFO] Scanning for projects...
[INFO] 
[INFO] ---------------< com.oracle.runbook:runbook-synthesizer >---------------
[INFO] Building Runbook Synthesizer 1.0.0-SNAPSHOT
[INFO]   from pom.xml
[INFO] --------------------------------[ jar ]---------------------------------
[INFO] 
[INFO] --- spotless:3.1.0:apply (spotless-apply) @ runbook-synthesizer ---
[INFO] clean file: C:\Users\bwend\repos\ops-scribe\src\test\java\com\oracle\runbook\config\WebhookConfigLoaderTest.java
[INFO] Spotless.Java is keeping 118 files clean - 1 were changed to be clean, 0 were already clean, 117 were skipped because caching determined they were already clean
[INFO] 
[INFO] --- resources:3.3.1:resources (default-resources) @ runbook-synthesizer ---
[INFO] Copying 2 resources from src\main\resources to target\classes
[INFO] 
[INFO] --- compiler:3.13.0:compile (default-compile) @ runbook-synthesizer ---
[INFO] Nothing to compile - all classes are up to date.
[INFO] 
[INFO] --- resources:3.3.1:testResources (default-testResources) @ runbook-synthesizer ---
[INFO] Copying 3 resources from src\test\resources to target\test-classes
[INFO] 
[INFO] --- compiler:3.13.0:testCompile (default-testCompile) @ runbook-synthesizer ---
[INFO] Recompiling the module because of changed source code.
[INFO] Compiling 55 source files with javac [debug release 25] to target\test-classes
[INFO] Some messages have been simplified; recompile with -Xdiags:verbose to get full output
[INFO] -------------------------------------------------------------
[ERROR] COMPILATION ERROR : 
[INFO] -------------------------------------------------------------
[ERROR] /C:/Users/bwend/repos/ops-scribe/src/test/java/com/oracle/runbook/config/WebhookConfigLoaderTest.java:[19,37] no suitable method found for create(java.io.StringReader,io.helidon.common.media.type.MediaType)
    method io.helidon.config.ConfigSources.create(java.io.InputStream,io.helidon.common.media.type.MediaType) is not applicable
      (argument mismatch; java.io.StringReader cannot be converted to java.io.InputStream)
    method io.helidon.config.ConfigSources.create(java.lang.String,io.helidon.common.media.type.MediaType) is not applicable
      (argument mismatch; java.io.StringReader cannot be converted to java.lang.String)
    method io.helidon.config.ConfigSources.create(java.util.Map<java.lang.String,java.lang.String>,java.lang.String) is not applicable
      (argument mismatch; java.io.StringReader cannot be converted to java.util.Map<java.lang.String,java.lang.String>)
    method io.helidon.config.ConfigSources.create(java.util.Properties,java.lang.String) is not applicable
      (argument mismatch; java.io.StringReader cannot be converted to java.util.Properties)
[INFO] 1 error
[INFO] -------------------------------------------------------------
[INFO] ------------------------------------------------------------------------
[INFO] BUILD FAILURE
[INFO] ------------------------------------------------------------------------
[INFO] Total time:  2.531 s
[INFO] Finished at: 2026-01-17T12:05:14-08:00
[INFO] ------------------------------------------------------------------------
[ERROR] Failed to execute goal org.apache.maven.plugins:maven-compiler-plugin:3.13.0:testCompile (default-testCompile) on project runbook-synthesizer: Compilation failure
[ERROR] /C:/Users/bwend/repos/ops-scribe/src/test/java/com/oracle/runbook/config/WebhookConfigLoaderTest.java:[19,37] no suitable method found for create(java.io.StringReader,io.helidon.common.media.type.MediaType)
[ERROR]     method io.helidon.config.ConfigSources.create(java.io.InputStream,io.helidon.common.media.type.MediaType) is not applicable
[ERROR]       (argument mismatch; java.io.StringReader cannot be converted to java.io.InputStream)
[ERROR]     method io.helidon.config.ConfigSources.create(java.lang.String,io.helidon.common.media.type.MediaType) is not applicable
[ERROR]       (argument mismatch; java.io.StringReader cannot be converted to java.lang.String)
[ERROR]     method io.helidon.config.ConfigSources.create(java.util.Map<java.lang.String,java.lang.String>,java.lang.String) is not applicable
[ERROR]       (argument mismatch; java.io.StringReader cannot be converted to java.util.Map<java.lang.String,java.lang.String>)
[ERROR]     method io.helidon.config.ConfigSources.create(java.util.Properties,java.lang.String) is not applicable
[ERROR]       (argument mismatch; java.io.StringReader cannot be converted to java.util.Properties)
[ERROR] 
[ERROR] -> [Help 1]
[ERROR] 
[ERROR] To see the full stack trace of the errors, re-run Maven with the -e switch.
[ERROR] Re-run Maven using the -X switch to enable full debug logging.
[ERROR] 
[ERROR] For more information about the errors and possible solutions, please read the following articles:
[ERROR] [Help 1] http://cwiki.apache.org/confluence/display/MAVEN/MojoFailureException
