WARNING: A restricted method in java.lang.System has been called
WARNING: java.lang.System::load has been called by org.fusesource.jansi.internal.JansiLoader in an unnamed module (file:/C:/Users/bwend/.m2/wrapper/dists/apache-maven-3.9.9-bin/33b4b2b4/apache-maven-3.9.9/lib/jansi-2.4.1.jar)
WARNING: Use --enable-native-access=ALL-UNNAMED to avoid a warning for callers in this module
WARNING: Restricted methods will be blocked in a future release unless native access is enabled

WARNING: A terminally deprecated method in sun.misc.Unsafe has been called
WARNING: sun.misc.Unsafe::objectFieldOffset has been called by com.google.common.util.concurrent.AbstractFuture$UnsafeAtomicHelper (file:/C:/Users/bwend/.m2/wrapper/dists/apache-maven-3.9.9-bin/33b4b2b4/apache-maven-3.9.9/lib/guava-33.2.1-jre.jar)
WARNING: Please consider reporting this to the maintainers of class com.google.common.util.concurrent.AbstractFuture$UnsafeAtomicHelper
WARNING: sun.misc.Unsafe::objectFieldOffset will be removed in a future release
[INFO] Scanning for projects...
[INFO] 
[INFO] ---------------< com.oracle.runbook:runbook-synthesizer >---------------
[INFO] Building Runbook Synthesizer 1.0.0-SNAPSHOT
[INFO]   from pom.xml
[INFO] --------------------------------[ jar ]---------------------------------
[INFO] 
[INFO] --- spotless:3.1.0:apply (spotless-apply) @ runbook-synthesizer ---
[INFO] Spotless.Java is keeping 121 files clean - 0 were changed to be clean, 0 were already clean, 121 were skipped because caching determined they were already clean
[INFO] 
[INFO] --- resources:3.3.1:resources (default-resources) @ runbook-synthesizer ---
[INFO] Copying 2 resources from src\main\resources to target\classes
[INFO] 
[INFO] --- compiler:3.13.0:compile (default-compile) @ runbook-synthesizer ---
[INFO] Nothing to compile - all classes are up to date.
[INFO] 
[INFO] --- resources:3.3.1:testResources (default-testResources) @ runbook-synthesizer ---
[INFO] Copying 3 resources from src\test\resources to target\test-classes
[INFO] 
[INFO] --- compiler:3.13.0:testCompile (default-testCompile) @ runbook-synthesizer ---
[INFO] Nothing to compile - all classes are up to date.
[INFO] 
[INFO] --- surefire:3.5.4:test (default-test) @ runbook-synthesizer ---
[INFO] Using auto detected provider org.apache.maven.surefire.junitplatform.JUnitPlatformProvider
[INFO] 
[INFO] -------------------------------------------------------
[INFO]  T E S T S
[INFO] -------------------------------------------------------
[INFO] Running WebhookRetryTest
Jan 17, 2026 12:11:22 PM com.oracle.runbook.output.RetryingWebhookDispatcher <init>
INFO: RetryingWebhookDispatcher initialized with 1 destination(s)
Jan 17, 2026 12:11:22 PM com.oracle.runbook.output.RetryingWebhookDispatcher <init>
INFO: RetryingWebhookDispatcher initialized with 1 destination(s)
Jan 17, 2026 12:11:22 PM com.oracle.runbook.output.RetryingWebhookDispatcher <init>
INFO: RetryingWebhookDispatcher initialized with 1 destination(s)
[ERROR] Tests run: 5, Failures: 2, Errors: 0, Skipped: 0, Time elapsed: 1.094 s <<< FAILURE! -- in WebhookRetryTest
[ERROR] com.oracle.runbook.output.WebhookRetryTest.dispatcherReturnsFailureAfterMaxRetries -- Time elapsed: 0.530 s <<< FAILURE!
com.github.tomakehurst.wiremock.client.VerificationException: 
Expected exactly 3 requests matching the following pattern but received 1:
{
  "url" : "/webhook",
  "method" : "POST"
}
	at com.github.tomakehurst.wiremock.client.WireMock.verifyThat(WireMock.java:800)
	at com.github.tomakehurst.wiremock.client.WireMock.verifyThat(WireMock.java:779)
	at com.github.tomakehurst.wiremock.client.WireMock.verify(WireMock.java:820)
	at com.oracle.runbook.output.WebhookRetryTest.dispatcherReturnsFailureAfterMaxRetries(WebhookRetryTest.java:166)

[ERROR] com.oracle.runbook.output.WebhookRetryTest.dispatcherRetriesOnServerError -- Time elapsed: 0.025 s <<< FAILURE!
org.opentest4j.AssertionFailedError: expected: <true> but was: <false>
	at org.junit.jupiter.api.AssertionFailureBuilder.build(AssertionFailureBuilder.java:158)
	at org.junit.jupiter.api.AssertionFailureBuilder.buildAndThrow(AssertionFailureBuilder.java:139)
	at org.junit.jupiter.api.AssertTrue.failNotTrue(AssertTrue.java:69)
	at org.junit.jupiter.api.AssertTrue.assertTrue(AssertTrue.java:41)
	at org.junit.jupiter.api.AssertTrue.assertTrue(AssertTrue.java:35)
	at org.junit.jupiter.api.Assertions.assertTrue(Assertions.java:195)
	at com.oracle.runbook.output.WebhookRetryTest.dispatcherRetriesOnServerError(WebhookRetryTest.java:107)

[INFO] 
[INFO] Results:
[INFO] 
[ERROR] Failures: 
[ERROR]   WebhookRetryTest.dispatcherRetriesOnServerError:107 expected: <true> but was: <false>
[ERROR]   WebhookRetryTest.dispatcherReturnsFailureAfterMaxRetries:166 Expected exactly 3 requests matching the following pattern but received 1:
{
  "url" : "/webhook",
  "method" : "POST"
}
[INFO] 
[ERROR] Tests run: 5, Failures: 2, Errors: 0, Skipped: 0
[INFO] 
[INFO] ------------------------------------------------------------------------
[INFO] BUILD FAILURE
[INFO] ------------------------------------------------------------------------
[INFO] Total time:  2.779 s
[INFO] Finished at: 2026-01-17T12:11:22-08:00
[INFO] ------------------------------------------------------------------------
[ERROR] Failed to execute goal org.apache.maven.plugins:maven-surefire-plugin:3.5.4:test (default-test) on project runbook-synthesizer: There are test failures.
[ERROR] 
[ERROR] See C:\Users\bwend\repos\ops-scribe\target\surefire-reports for the individual test results.
[ERROR] See dump files (if any exist) [date].dump, [date]-jvmRun[N].dump and [date].dumpstream.
[ERROR] -> [Help 1]
[ERROR] 
[ERROR] To see the full stack trace of the errors, re-run Maven with the -e switch.
[ERROR] Re-run Maven using the -X switch to enable full debug logging.
[ERROR] 
[ERROR] For more information about the errors and possible solutions, please read the following articles:
[ERROR] [Help 1] http://cwiki.apache.org/confluence/display/MAVEN/MojoFailureException
